[TIME] 0.0077359676361083984
[TIME] 0.0036530494689941406
[TIME] 0.0036156177520751953
[TIME] 0.0036468505859375
[TIME] 0.003264904022216797
[TIME] 0.0032563209533691406
[TIME] 0.003255605697631836
[TIME] 0.0032241344451904297
[TIME] 0.003288745880126953
[TIME] 0.0032460689544677734
[TIME] 0.0032215118408203125
[TIME] 0.003256559371948242
[TIME] 0.0032215118408203125
[TIME] 0.003259420394897461
[TIME] 0.0036487579345703125
[TIME] 0.0035843849182128906
[TIME] 0.003582000732421875
[TIME] 0.0036089420318603516
[TIME] 0.0036356449127197266
[TIME] 0.00363922119140625
[TIME] 0.003602266311645508
[TIME] 0.003612518310546875
[TIME] 0.003711700439453125
[TIME] 0.003644704818725586
[TIME] 0.003618001937866211
[TIME] 0.0036373138427734375
[TIME] 0.0036318302154541016
[TIME] 0.003631114959716797
[TIME] 0.003618478775024414
[TIME] 0.00360107421875
[TIME] 0.0036084651947021484
[TIME] 0.0036122798919677734
[TIME] 0.003630399703979492
[TIME] 0.0036127567291259766
[TIME] 0.003645181655883789
[TIME] 0.003254413604736328
[TIME] 0.003265380859375
[TIME] 0.0032608509063720703
[TIME] 0.0032243728637695312
[TIME] 0.003244161605834961
[TIME] 0.0032482147216796875
[TIME] 0.003261566162109375
[TIME] 0.0032761096954345703
[TIME] 0.003249645233154297
[TIME] 0.003244638442993164
[TIME] 0.0032236576080322266
[TIME] 0.0032672882080078125
[TIME] 0.0032548904418945312
[TIME] 0.003251791000366211
[TIME] 0.003254413604736328
[TIME] 0.0032677650451660156
[TIME] 0.0032126903533935547
[TIME] 0.0032377243041992188
[TIME] 0.003256082534790039
[TIME] 0.0032126903533935547
[TIME] 0.0031883716583251953
[TIME] 0.0032300949096679688
[TIME] 0.003263235092163086
[TIME] 0.00322723388671875
[TIME] 0.0032281875610351562
[TIME] 0.003232717514038086
[TIME] 0.0032639503479003906
[TIME] 0.003291606903076172
[TIME] 0.003238201141357422
[TIME] 0.003265380859375
[TIME] 0.0032613277435302734
[TIME] 0.0032181739807128906
[TIME] 0.0032024383544921875
[TIME] 0.0032362937927246094
[TIME] 0.0032439231872558594
[TIME] 0.0032079219818115234
[TIME] 0.0032045841217041016
[TIME] 0.0032699108123779297
[TIME] 0.003266572952270508
[TIME] 0.0032286643981933594
[TIME] 0.0032138824462890625
[TIME] 0.0032618045806884766
[TIME] 0.003258943557739258
[TIME] 0.003259420394897461
[TIME] 0.003262042999267578
[TIME] 0.003236532211303711
[TIME] 0.0032601356506347656
[TIME] 0.003268718719482422
[TIME] 0.0032367706298828125
[TIME] 0.0032503604888916016
[TIME] 0.0032258033752441406
[TIME] 0.003333568572998047
[TIME] 0.003226757049560547
[TIME] 0.0032498836517333984
[TIME] 0.003216266632080078
[TIME] 0.0032296180725097656
[TIME] 0.0032243728637695312
[TIME] 0.0032873153686523438
[TIME] 0.0032706260681152344
[TIME] 0.003221750259399414
[TIME] 0.003239870071411133
[TIME] 0.003220796585083008
[TIME] 0.0032341480255126953
[TIME] 0.003269195556640625
[TIME] 0.0032837390899658203
[TIME] 0.0032486915588378906
[TIME] 0.0032351016998291016
[TIME] 0.003242969512939453
[TIME] 0.0032558441162109375
[TIME] 0.0032036304473876953
[TIME] 0.0032491683959960938
[TIME] 0.0032091140747070312
[TIME] 0.003237485885620117
[TIME] 0.0033249855041503906
[TIME] 0.003366708755493164
[TIME] 0.0033063888549804688
[TIME] 0.003304004669189453
[TIME] 0.003354787826538086
[TIME] 0.0034046173095703125
[TIME] 0.0033097267150878906
[TIME] 0.0033330917358398438
[TIME] 0.003296375274658203
[TIME] 0.0033762454986572266
[TIME] 0.003477334976196289
[TIME] 0.0033545494079589844
[TIME] 0.003288745880126953
[TIME] 0.0032758712768554688
[TIME] 0.003252267837524414
[TIME] 0.0032792091369628906
[TIME] 0.003238677978515625
[TIME] 0.0032432079315185547
[TIME] 0.0032286643981933594
[TIME] 0.0032286643981933594
[TIME] 0.0032448768615722656
[TIME] 0.0032143592834472656
[TIME] 0.003218412399291992
[TIME] 0.003213167190551758
[TIME] 0.003209352493286133
[TIME] 0.0032415390014648438
[TIME] 0.0032410621643066406
[TIME] 0.003247499465942383
[TIME] 0.0032317638397216797
[TIME] 0.003204822540283203
[TIME] 0.0032312870025634766
[TIME] 0.003259897232055664
[TIME] 0.0032439231872558594
[TIME] 0.003252267837524414
[TIME] 0.0032083988189697266
[TIME] 0.003222942352294922
[TIME] 0.0032739639282226562
[TIME] 0.003230571746826172
[TIME] 0.0032241344451904297
[TIME] 0.0032188892364501953
[TIME] 0.0032393932342529297
[TIME] 0.00324249267578125
[TIME] 0.003209829330444336
[TIME] 0.003222227096557617
[TIME] 0.003238201141357422
[TIME] 0.003247499465942383
[TIME] 0.0032622814178466797
[TIME] 0.003246784210205078
[TIME] 0.0032160282135009766
[TIME] 0.0032167434692382812
[TIME] 0.003260374069213867
[TIME] 0.003220081329345703
[TIME] 0.0031995773315429688
[TIME] 0.0032491683959960938
[TIME] 0.0032095909118652344
[TIME] 0.0032265186309814453
[TIME] 0.0033228397369384766
[TIME] 0.003256082534790039
[TIME] 0.0032546520233154297
[TIME] 0.003226757049560547
[TIME] 0.0032241344451904297
[TIME] 0.0032470226287841797
[TIME] 0.0032150745391845703
[TIME] 0.003236055374145508
[TIME] 0.0032389163970947266
[TIME] 0.003251314163208008
[TIME] 0.0032663345336914062
[TIME] 0.0032498836517333984
[TIME] 0.003210783004760742
[TIME] 0.0032608509063720703
[TIME] 0.003252744674682617
[TIME] 0.0032656192779541016
[TIME] 0.0032587051391601562
[TIME] 0.0032417774200439453
[TIME] 0.0032444000244140625
[TIME] 0.0033483505249023438
[TIME] 0.0034241676330566406
[TIME] 0.0032563209533691406
[TIME] 0.0032172203063964844
[TIME] 0.0032324790954589844
[TIME] 0.0032224655151367188
[TIME] 0.0032584667205810547
[TIME] 0.003236055374145508
[TIME] 0.003242969512939453
[TIME] 0.0032122135162353516
[TIME] 0.0032224655151367188
[TIME] 0.003242015838623047
[TIME] 0.003241300582885742
[TIME] 0.0032231807708740234
[TIME] 0.0032296180725097656
[TIME] 0.0032236576080322266
[TIME] 0.0032379627227783203
[TIME] 0.0032548904418945312
[TIME] 0.003238201141357422
[TIME] 0.0032241344451904297
[TIME] 0.003221750259399414
[TIME] 0.0032274723052978516
[TIME] 0.0032739639282226562
[TIME] 0.0032258033752441406
[TIME] 0.0032510757446289062
[TIME] 0.0032520294189453125
[TIME] 0.003216981887817383
[TIME] 0.0032584667205810547
[TIME] 0.0032525062561035156
[TIME] 0.0032241344451904297
[TIME] 0.0032176971435546875
[TIME] 0.0032138824462890625
[TIME] 0.003256559371948242
[TIME] 0.0032117366790771484
[TIME] 0.0032219886779785156
[TIME] 0.003258943557739258
[TIME] 0.0032286643981933594
[TIME] 0.003258228302001953
[TIME] 0.0032317638397216797
[TIME] 0.003239870071411133
[TIME] 0.0032448768615722656
[TIME] 0.0032203197479248047
[TIME] 0.0032553672790527344
[TIME] 0.0032486915588378906
[TIME] 0.003247499465942383
[TIME] 0.0031919479370117188
[TIME] 0.0032052993774414062
[TIME] 0.0032417774200439453
[TIME] 0.003248453140258789
[TIME] 0.0032300949096679688
[TIME] 0.003232717514038086
[TIME] 0.0032241344451904297
[TIME] 0.00324249267578125
[TIME] 0.0032067298889160156
[TIME] 0.0032367706298828125
[TIME] 0.00321197509765625
[TIME] 0.0032138824462890625
[TIME] 0.0032439231872558594
[TIME] 0.003259420394897461
[TIME] 0.003209352493286133
[TIME] 0.0032072067260742188
[TIME] 0.00318145751953125
[TIME] 0.0032296180725097656
[TIME] 0.0033469200134277344
[TIME] 0.0032606124877929688
[TIME] 0.0032486915588378906
[TIME] 0.003213644027709961
[TIME] 0.0032339096069335938
[TIME] 0.0032842159271240234
[TIME] 0.0032205581665039062
[TIME] 0.003191709518432617
[TIME] 0.003206491470336914
[TIME] 0.0032181739807128906
[TIME] 0.003251314163208008
[TIME] 0.003228425979614258
[TIME] 0.0032286643981933594
[TIME] 0.0032160282135009766
[TIME] 0.0031883716583251953
[TIME] 0.003242969512939453
[TIME] 0.003210306167602539
[TIME] 0.003225088119506836
[TIME] 0.003157377243041992
[TIME] 0.003204345703125
[TIME] 0.0033109188079833984
[TIME] 0.0033066272735595703
[TIME] 0.0032351016998291016
[TIME] 0.0032219886779785156
[TIME] 0.0031998157501220703
[TIME] 0.0032775402069091797
[TIME] 0.003272533416748047
[TIME] 0.0032379627227783203
[TIME] 0.0032262802124023438
[TIME] 0.0032570362091064453
[TIME] 0.003239870071411133
[TIME] 0.0031447410583496094
[TIME] 0.0030851364135742188
[TIME] 0.0030639171600341797
[TIME] 0.003132343292236328
[TIME] 0.0030868053436279297
[TIME] 0.0032091140747070312
[TIME] 0.0031249523162841797
[TIME] 0.003130674362182617
[TIME] 0.003110647201538086
[TIME] 0.0030951499938964844
[TIME] 0.0031881332397460938
[TIME] 0.0031130313873291016
[TIME] 0.0031745433807373047
[TIME] 0.0032470226287841797
[TIME] 0.003221273422241211
[TIME] 0.003283262252807617
[TIME] 0.003267049789428711
[TIME] 0.0032439231872558594
[TIME] 0.0031890869140625
[TIME] 0.0032253265380859375
[TIME] 0.0032300949096679688
[TIME] 0.003951311111450195
